
2022-12-01 10:58:05...installerHook: Info: custom/install/install_hooks.php not present, no custom hooks to execute
2022-12-01 10:58:13...Begin System Check Process *************
2022-12-01 10:58:13...ERROR:: Database Support was not found. Please make sure you have the necessary drivers for one of the following supported Database Types: MySQL or MS SQLServer. You might need to uncomment the extension in the php.ini file, or recompile with the right binary file, depending on your version of PHP. Please refer to your PHP Manual for more information on how to enable Database Support.
2022-12-01 10:58:13...ERROR:: Functions associated with XML Parser Libraries that are needed by the SuiteCRM application were not found. You might need to uncomment the extension in the  php.ini file, or recompile with the right binary file, depending on your version of PHP. Please refer to your PHP Manual for more information.
2022-12-01 10:58:13...JSON Parsing Support Found
2022-12-01 10:58:13...MBString Support Found
2022-12-01 10:58:13...ERROR:: ZIP support not found: SuiteCRM needs ZIP support in order to process compressed files.
2022-12-01 10:58:13.../custom directory and subdirectory check passed
2022-12-01 10:58:13...cache directory and subdirectory check passed
2022-12-01 10:58:13.../module  directory and subdirectory check passed
2022-12-01 10:58:13.../upload directory check passed
2022-12-01 10:58:13...ERROR: Zip support not found.
2022-12-01 10:58:13...PCRE version check passed
2022-12-01 10:58:13...installerHook: Info: custom/install/install_hooks.php not present, no custom hooks to execute
2022-12-01 10:58:13...php.ini location found. /etc/php/7.4/apache2/php.ini
2022-12-01 10:58:13...Outputting HTML for System check
2022-12-01 10:58:13...Errors were found *************
2022-12-01 11:00:00...installerHook: Info: custom/install/install_hooks.php not present, no custom hooks to execute
2022-12-01 11:00:03...Begin System Check Process *************
2022-12-01 11:00:03...ERROR:: Database Support was not found. Please make sure you have the necessary drivers for one of the following supported Database Types: MySQL or MS SQLServer. You might need to uncomment the extension in the php.ini file, or recompile with the right binary file, depending on your version of PHP. Please refer to your PHP Manual for more information on how to enable Database Support.
2022-12-01 11:00:03...ERROR:: Functions associated with XML Parser Libraries that are needed by the SuiteCRM application were not found. You might need to uncomment the extension in the  php.ini file, or recompile with the right binary file, depending on your version of PHP. Please refer to your PHP Manual for more information.
2022-12-01 11:00:03...JSON Parsing Support Found
2022-12-01 11:00:03...MBString Support Found
2022-12-01 11:00:03...ERROR:: ZIP support not found: SuiteCRM needs ZIP support in order to process compressed files.
2022-12-01 11:00:03.../custom directory and subdirectory check passed
2022-12-01 11:00:03...cache directory and subdirectory check passed
2022-12-01 11:00:03.../module  directory and subdirectory check passed
2022-12-01 11:00:03.../upload directory check passed
2022-12-01 11:00:03...ERROR: Zip support not found.
2022-12-01 11:00:03...PCRE version check passed
2022-12-01 11:00:03...installerHook: Info: custom/install/install_hooks.php not present, no custom hooks to execute
2022-12-01 11:00:03...php.ini location found. /etc/php/7.4/apache2/php.ini
2022-12-01 11:00:03...Outputting HTML for System check
2022-12-01 11:00:03...Errors were found *************
2022-12-01 11:02:11...installerHook: Info: custom/install/install_hooks.php not present, no custom hooks to execute
2022-12-01 11:02:15...Begin System Check Process *************
2022-12-01 11:02:15...XML Parsing Support Found
2022-12-01 11:02:15...JSON Parsing Support Found
2022-12-01 11:02:15...MBString Support Found
2022-12-01 11:02:15...ZIP Support Found
2022-12-01 11:02:15.../custom directory and subdirectory check passed
2022-12-01 11:02:15...cache directory and subdirectory check passed
2022-12-01 11:02:15.../module  directory and subdirectory check passed
2022-12-01 11:02:15.../upload directory check passed
2022-12-01 11:02:15.../zip check passed
2022-12-01 11:02:15...PCRE version check passed
2022-12-01 11:02:15...installerHook: Info: custom/install/install_hooks.php not present, no custom hooks to execute
2022-12-01 11:02:15...php.ini location found. /etc/php/7.4/apache2/php.ini
2022-12-01 11:02:15...Outputting HTML for System check
2022-12-01 11:02:15...No Errors were found *************
2022-12-01 11:02:15...installerHook: Info: custom/install/install_hooks.php not present, no custom hooks to execute
2022-12-01 11:06:21...installerHook: Info: custom/install/install_hooks.php not present, no custom hooks to execute
2022-12-01 11:06:27...installerHook: Info: custom/install/install_hooks.php not present, no custom hooks to execute
2022-12-01 11:06:29...installerHook: Info: custom/install/install_hooks.php not present, no custom hooks to execute
2022-12-01 11:06:31...Begin System Check Process *************
2022-12-01 11:06:31...XML Parsing Support Found
2022-12-01 11:06:31...JSON Parsing Support Found
2022-12-01 11:06:31...MBString Support Found
2022-12-01 11:06:31...ZIP Support Found
2022-12-01 11:06:31.../custom directory and subdirectory check passed
2022-12-01 11:06:31...cache directory and subdirectory check passed
2022-12-01 11:06:31.../module  directory and subdirectory check passed
2022-12-01 11:06:31.../upload directory check passed
2022-12-01 11:06:31.../zip check passed
2022-12-01 11:06:31...PCRE version check passed
2022-12-01 11:06:31...installerHook: Info: custom/install/install_hooks.php not present, no custom hooks to execute
2022-12-01 11:06:31...php.ini location found. /etc/php/7.4/apache2/php.ini
2022-12-01 11:06:31...Outputting HTML for System check
2022-12-01 11:06:31...No Errors were found *************
2022-12-01 11:06:31...installerHook: Info: custom/install/install_hooks.php not present, no custom hooks to execute
2022-12-01 11:08:15...installerHook: Info: custom/install/install_hooks.php not present, no custom hooks to execute
2022-12-01 11:09:59...installerHook: Info: custom/install/install_hooks.php not present, no custom hooks to execute
2022-12-01 11:10:03...installerHook: Info: custom/install/install_hooks.php not present, no custom hooks to execute
2022-12-01 11:10:05...installerHook: Info: custom/install/install_hooks.php not present, no custom hooks to execute
2022-12-01 11:10:10...installerHook: Info: custom/install/install_hooks.php not present, no custom hooks to execute
2022-12-01 11:10:13...Begin System Check Process *************
2022-12-01 11:10:13...XML Parsing Support Found
2022-12-01 11:10:13...JSON Parsing Support Found
2022-12-01 11:10:13...MBString Support Found
2022-12-01 11:10:13...ZIP Support Found
2022-12-01 11:10:13.../custom directory and subdirectory check passed
2022-12-01 11:10:13...cache directory and subdirectory check passed
2022-12-01 11:10:13.../module  directory and subdirectory check passed
2022-12-01 11:10:13.../upload directory check passed
2022-12-01 11:10:13.../zip check passed
2022-12-01 11:10:13...PCRE version check passed
2022-12-01 11:10:13...installerHook: Info: custom/install/install_hooks.php not present, no custom hooks to execute
2022-12-01 11:10:13...php.ini location found. /etc/php/7.4/apache2/php.ini
2022-12-01 11:10:13...Outputting HTML for System check
2022-12-01 11:10:13...No Errors were found *************
2022-12-01 11:10:13...installerHook: Info: custom/install/install_hooks.php not present, no custom hooks to execute
2022-12-01 11:13:17...installerHook: Info: custom/install/install_hooks.php not present, no custom hooks to execute
2022-12-01 11:13:21...installerHook: Info: custom/install/install_hooks.php not present, no custom hooks to execute
2022-12-01 11:14:52...installerHook: Info: custom/install/install_hooks.php not present, no custom hooks to execute
2022-12-01 11:15:36...Begin DB Check Process *************
2022-12-01 11:15:36...testing with mysql:mysqli
2022-12-01 11:15:36...Basic form info is valid, continuing Process.
2022-12-01 11:15:36...Testing user account...
2022-12-01 11:15:36...Connection made using  host: 20.2.65.196, usr: admin
2022-12-01 11:15:36...SUCCESS:: no errors detected!
2022-12-01 11:15:36...End DB Check Process *************
2022-12-01 11:15:36...installerHook: Info: custom/install/install_hooks.php not present, no custom hooks to execute
2022-12-01 11:15:36...calling handleSugarConfig()
2022-12-01 11:15:36...calling handleHtaccess()
2022-12-01 11:15:36...calling handleDbCreateDatabase()
2022-12-01 11:15:37...looping through all the Beans and create their tables
2022-12-01 11:15:37...processing table acl_actions
2022-12-01 11:15:37...creating table acl_actions
2022-12-01 11:15:37...creating Relationship Meta for ACLAction
2022-12-01 11:15:37...processing table acl_roles
2022-12-01 11:15:37...creating table acl_roles
2022-12-01 11:15:37...creating Relationship Meta for ACLRole
2022-12-01 11:15:37...processing table relationships
2022-12-01 11:15:37...creating table relationships
2022-12-01 11:15:37...creating Relationship Meta for Relationship
2022-12-01 11:15:37...processing table leads
2022-12-01 11:15:37...creating table leads
2022-12-01 11:15:37...creating Relationship Meta for Lead
2022-12-01 11:15:37...processing table cases
2022-12-01 11:15:37...creating table cases
2022-12-01 11:15:37...creating Relationship Meta for Case
2022-12-01 11:15:37...processing table bugs
2022-12-01 11:15:37...creating table bugs
2022-12-01 11:15:37...creating Relationship Meta for Bug
2022-12-01 11:15:37...processing table users
2022-12-01 11:15:37...creating table users
2022-12-01 11:15:37...creating Relationship Meta for User
2022-12-01 11:15:37...processing table campaign_log
2022-12-01 11:15:39...creating table campaign_log
2022-12-01 11:15:39...creating Relationship Meta for CampaignLog
2022-12-01 11:15:39...processing table project
2022-12-01 11:15:39...creating table project
2022-12-01 11:15:39...creating Relationship Meta for Project
2022-12-01 11:15:39...processing table project_task
2022-12-01 11:15:39...creating table project_task
2022-12-01 11:15:39...creating Relationship Meta for ProjectTask
2022-12-01 11:15:39...processing table campaigns
2022-12-01 11:15:39...creating table campaigns
2022-12-01 11:15:39...creating Relationship Meta for Campaign
2022-12-01 11:15:39...processing table prospect_lists
2022-12-01 11:15:39...creating table prospect_lists
2022-12-01 11:15:39...creating Relationship Meta for ProspectList
2022-12-01 11:15:40...processing table prospects
2022-12-01 11:15:40...creating table prospects
2022-12-01 11:15:40...creating Relationship Meta for Prospect
2022-12-01 11:15:40...processing table email_marketing
2022-12-01 11:15:40...creating table email_marketing
2022-12-01 11:15:40...creating Relationship Meta for EmailMarketing
2022-12-01 11:15:40...processing table campaign_trkrs
2022-12-01 11:15:40...creating table campaign_trkrs
2022-12-01 11:15:40...creating Relationship Meta for CampaignTracker
2022-12-01 11:15:40...processing table releases
2022-12-01 11:15:40...creating table releases
2022-12-01 11:15:40...creating Relationship Meta for Release
2022-12-01 11:15:40...processing table emailman
2022-12-01 11:15:40...creating table emailman
2022-12-01 11:15:40...creating Relationship Meta for EmailMan
2022-12-01 11:15:40...processing table schedulers
2022-12-01 11:15:40...creating table schedulers
2022-12-01 11:15:40...creating Relationship Meta for Scheduler
2022-12-01 11:15:40...processing table job_queue
2022-12-01 11:15:40...creating table job_queue
2022-12-01 11:15:40...creating Relationship Meta for SchedulersJob
2022-12-01 11:15:40...processing table contacts
2022-12-01 11:15:40...creating table contacts
2022-12-01 11:15:40...creating Relationship Meta for Contact
2022-12-01 11:15:40...processing table accounts
2022-12-01 11:15:40...creating table accounts
2022-12-01 11:15:40...creating Relationship Meta for Account
2022-12-01 11:15:40...processing table opportunities
2022-12-01 11:15:41...creating table opportunities
2022-12-01 11:15:41...creating Relationship Meta for Opportunity
2022-12-01 11:15:41...processing table email_templates
2022-12-01 11:15:41...creating table email_templates
2022-12-01 11:15:41...creating Relationship Meta for EmailTemplate
2022-12-01 11:15:41...processing table notes
2022-12-01 11:15:41...creating table notes
2022-12-01 11:15:41...creating Relationship Meta for Note
2022-12-01 11:15:41...processing table calls
2022-12-01 11:15:41...creating table calls
2022-12-01 11:15:41...creating Relationship Meta for Call
2022-12-01 11:15:41...processing table emails
2022-12-01 11:15:41...creating table emails
2022-12-01 11:15:41...creating Relationship Meta for Email
2022-12-01 11:15:41...processing table meetings
2022-12-01 11:15:41...creating table meetings
2022-12-01 11:15:41...creating Relationship Meta for Meeting
2022-12-01 11:15:41...processing table tasks
2022-12-01 11:15:41...creating table tasks
2022-12-01 11:15:41...creating Relationship Meta for Task
2022-12-01 11:15:41...processing table users
2022-12-01 11:15:41...processing table users
2022-12-01 11:15:41...processing table currencies
2022-12-01 11:15:41...creating table currencies
2022-12-01 11:15:41...creating Relationship Meta for Currency
2022-12-01 11:15:41...processing table tracker
2022-12-01 11:15:41...creating table tracker
2022-12-01 11:15:41...creating Relationship Meta for Tracker
2022-12-01 11:15:41...processing table import_maps
2022-12-01 11:15:41...creating table import_maps
2022-12-01 11:15:41...creating Relationship Meta for ImportMap
2022-12-01 11:15:41...processing table users_last_import
2022-12-01 11:15:41...creating table users_last_import
2022-12-01 11:15:41...creating Relationship Meta for UsersLastImport
2022-12-01 11:15:41...processing table config
2022-12-01 11:15:41...creating table config
2022-12-01 11:15:41...creating Relationship Meta for Administration
2022-12-01 11:15:41...processing table upgrade_history
2022-12-01 11:15:41...creating table upgrade_history
2022-12-01 11:15:41...creating Relationship Meta for UpgradeHistory
2022-12-01 11:15:41...processing table vcals
2022-12-01 11:15:42...creating table vcals
2022-12-01 11:15:42...creating Relationship Meta for vCal
2022-12-01 11:15:42...processing table alerts
2022-12-01 11:15:42...creating table alerts
2022-12-01 11:15:42...creating Relationship Meta for Alert
2022-12-01 11:15:42...processing table roles
2022-12-01 11:15:42...creating table roles
2022-12-01 11:15:42...creating Relationship Meta for Role
2022-12-01 11:15:42...processing table documents
2022-12-01 11:15:42...creating table documents
2022-12-01 11:15:42...creating Relationship Meta for Document
2022-12-01 11:15:42...processing table document_revisions
2022-12-01 11:15:42...creating table document_revisions
2022-12-01 11:15:42...creating Relationship Meta for DocumentRevision
2022-12-01 11:15:42...processing table fields_meta_data
2022-12-01 11:15:42...creating table fields_meta_data
2022-12-01 11:15:42...creating Relationship Meta for FieldsMetaData
2022-12-01 11:15:42...processing table 
2022-12-01 11:15:42...processing table inbound_email
2022-12-01 11:15:42...creating table inbound_email
2022-12-01 11:15:42...creating Relationship Meta for InboundEmail
2022-12-01 11:15:42...processing table saved_search
2022-12-01 11:15:42...creating table saved_search
2022-12-01 11:15:42...creating Relationship Meta for SavedSearch
2022-12-01 11:15:42...processing table user_preferences
2022-12-01 11:15:42...creating table user_preferences
2022-12-01 11:15:42...creating Relationship Meta for UserPreference
2022-12-01 11:15:42...processing table 
2022-12-01 11:15:42...processing table email_addresses
2022-12-01 11:15:42...creating table email_addresses
2022-12-01 11:15:42...creating Relationship Meta for EmailAddress
2022-12-01 11:15:42...processing table emails_text
2022-12-01 11:15:42...creating table emails_text
2022-12-01 11:15:42...creating Relationship Meta for EmailText
2022-12-01 11:15:42...processing table spots
2022-12-01 11:15:42...creating table spots
2022-12-01 11:15:42...creating Relationship Meta for Spots
2022-12-01 11:15:42...processing table aobh_businesshours
2022-12-01 11:15:42...creating table aobh_businesshours
2022-12-01 11:15:42...creating Relationship Meta for AOBH_BusinessHours
2022-12-01 11:15:42...processing table sugarfeed
2022-12-01 11:15:42...creating table sugarfeed
2022-12-01 11:15:42...creating Relationship Meta for SugarFeed
2022-12-01 11:15:42...processing table eapm
2022-12-01 11:15:42...creating table eapm
2022-12-01 11:15:42...creating Relationship Meta for EAPM
2022-12-01 11:15:42...processing table oauth_consumer
2022-12-01 11:15:42...creating table oauth_consumer
2022-12-01 11:15:42...creating Relationship Meta for OAuthKey
2022-12-01 11:15:42...processing table oauth_tokens
2022-12-01 11:15:42...creating table oauth_tokens
2022-12-01 11:15:42...creating Relationship Meta for OAuthToken
2022-12-01 11:15:42...processing table am_projecttemplates
2022-12-01 11:15:43...creating table am_projecttemplates
2022-12-01 11:15:43...creating Relationship Meta for AM_ProjectTemplates
2022-12-01 11:15:43...processing table am_tasktemplates
2022-12-01 11:15:43...creating table am_tasktemplates
2022-12-01 11:15:43...creating Relationship Meta for AM_TaskTemplates
2022-12-01 11:15:43...processing table favorites
2022-12-01 11:15:43...creating table favorites
2022-12-01 11:15:43...creating Relationship Meta for Favorites
2022-12-01 11:15:43...processing table aok_knowledge_base_categories
2022-12-01 11:15:43...creating table aok_knowledge_base_categories
2022-12-01 11:15:43...creating Relationship Meta for AOK_Knowledge_Base_Categories
2022-12-01 11:15:43...processing table aok_knowledgebase
2022-12-01 11:15:43...creating table aok_knowledgebase
2022-12-01 11:15:43...creating Relationship Meta for AOK_KnowledgeBase
2022-12-01 11:15:43...processing table reminders
2022-12-01 11:15:43...creating table reminders
2022-12-01 11:15:43...creating Relationship Meta for Reminder
2022-12-01 11:15:43...processing table reminders_invitees
2022-12-01 11:15:43...creating table reminders_invitees
2022-12-01 11:15:43...creating Relationship Meta for Reminder_Invitee
2022-12-01 11:15:43...processing table fp_events
2022-12-01 11:15:43...creating table fp_events
2022-12-01 11:15:43...creating Relationship Meta for FP_events
2022-12-01 11:15:43...processing table fp_event_locations
2022-12-01 11:15:43...creating table fp_event_locations
2022-12-01 11:15:43...creating Relationship Meta for FP_Event_Locations
2022-12-01 11:15:43...processing table aod_indexevent
2022-12-01 11:15:43...creating table aod_indexevent
2022-12-01 11:15:43...creating Relationship Meta for AOD_IndexEvent
2022-12-01 11:15:43...processing table aod_index
2022-12-01 11:15:44...creating table aod_index
2022-12-01 11:15:44...creating Relationship Meta for AOD_Index
2022-12-01 11:15:44...processing table aop_case_events
2022-12-01 11:15:44...creating table aop_case_events
2022-12-01 11:15:44...creating Relationship Meta for AOP_Case_Events
2022-12-01 11:15:44...processing table aop_case_updates
2022-12-01 11:15:44...creating table aop_case_updates
2022-12-01 11:15:44...creating Relationship Meta for AOP_Case_Updates
2022-12-01 11:15:44...processing table aor_reports
2022-12-01 11:15:44...creating table aor_reports
2022-12-01 11:15:44...creating Relationship Meta for AOR_Report
2022-12-01 11:15:44...processing table aor_fields
2022-12-01 11:15:44...creating table aor_fields
2022-12-01 11:15:44...creating Relationship Meta for AOR_Field
2022-12-01 11:15:44...processing table aor_charts
2022-12-01 11:15:44...creating table aor_charts
2022-12-01 11:15:44...creating Relationship Meta for AOR_Chart
2022-12-01 11:15:44...processing table aor_conditions
2022-12-01 11:15:44...creating table aor_conditions
2022-12-01 11:15:44...creating Relationship Meta for AOR_Condition
2022-12-01 11:15:44...processing table aor_scheduled_reports
2022-12-01 11:15:44...creating table aor_scheduled_reports
2022-12-01 11:15:44...creating Relationship Meta for AOR_Scheduled_Reports
2022-12-01 11:15:44...processing table aos_contracts
2022-12-01 11:15:44...creating table aos_contracts
2022-12-01 11:15:44...creating Relationship Meta for AOS_Contracts
2022-12-01 11:15:44...processing table aos_invoices
2022-12-01 11:15:45...creating table aos_invoices
2022-12-01 11:15:45...creating Relationship Meta for AOS_Invoices
2022-12-01 11:15:45...processing table aos_pdf_templates
2022-12-01 11:15:45...creating table aos_pdf_templates
2022-12-01 11:15:45...creating Relationship Meta for AOS_PDF_Templates
2022-12-01 11:15:45...processing table aos_product_categories
2022-12-01 11:15:45...creating table aos_product_categories
2022-12-01 11:15:45...creating Relationship Meta for AOS_Product_Categories
2022-12-01 11:15:45...processing table aos_products
2022-12-01 11:15:45...creating table aos_products
2022-12-01 11:15:45...creating Relationship Meta for AOS_Products
2022-12-01 11:15:45...processing table aos_products_quotes
2022-12-01 11:15:45...creating table aos_products_quotes
2022-12-01 11:15:45...creating Relationship Meta for AOS_Products_Quotes
2022-12-01 11:15:45...processing table aos_line_item_groups
2022-12-01 11:15:45...creating table aos_line_item_groups
2022-12-01 11:15:45...creating Relationship Meta for AOS_Line_Item_Groups
2022-12-01 11:15:45...processing table aos_quotes
2022-12-01 11:15:45...creating table aos_quotes
2022-12-01 11:15:45...creating Relationship Meta for AOS_Quotes
2022-12-01 11:15:45...processing table aow_actions
2022-12-01 11:15:45...creating table aow_actions
2022-12-01 11:15:45...creating Relationship Meta for AOW_Action
2022-12-01 11:15:45...processing table aow_workflow
2022-12-01 11:15:45...creating table aow_workflow
2022-12-01 11:15:45...creating Relationship Meta for AOW_WorkFlow
2022-12-01 11:15:46...processing table aow_processed
2022-12-01 11:15:46...creating table aow_processed
2022-12-01 11:15:46...creating Relationship Meta for AOW_Processed
2022-12-01 11:15:46...processing table aow_conditions
2022-12-01 11:15:46...creating table aow_conditions
2022-12-01 11:15:46...creating Relationship Meta for AOW_Condition
2022-12-01 11:15:46...processing table jjwg_maps
2022-12-01 11:15:46...creating table jjwg_maps
2022-12-01 11:15:46...creating Relationship Meta for jjwg_Maps
2022-12-01 11:15:46...processing table jjwg_markers
2022-12-01 11:15:46...creating table jjwg_markers
2022-12-01 11:15:46...creating Relationship Meta for jjwg_Markers
2022-12-01 11:15:46...processing table jjwg_areas
2022-12-01 11:15:46...creating table jjwg_areas
2022-12-01 11:15:46...creating Relationship Meta for jjwg_Areas
2022-12-01 11:15:46...processing table jjwg_address_cache
2022-12-01 11:15:46...creating table jjwg_address_cache
2022-12-01 11:15:46...creating Relationship Meta for jjwg_Address_Cache
2022-12-01 11:15:46...processing table calls_reschedule
2022-12-01 11:15:46...creating table calls_reschedule
2022-12-01 11:15:46...creating Relationship Meta for Calls_Reschedule
2022-12-01 11:15:46...processing table securitygroups
2022-12-01 11:15:46...creating table securitygroups
2022-12-01 11:15:46...creating Relationship Meta for SecurityGroup
2022-12-01 11:15:46...processing table outbound_email
2022-12-01 11:15:47...creating table outbound_email
2022-12-01 11:15:47...creating Relationship Meta for OutboundEmailAccounts
2022-12-01 11:15:47...processing table templatesectionline
2022-12-01 11:15:47...creating table templatesectionline
2022-12-01 11:15:47...creating Relationship Meta for TemplateSectionLine
2022-12-01 11:15:47...processing table oauth2tokens
2022-12-01 11:15:47...creating table oauth2tokens
2022-12-01 11:15:47...creating Relationship Meta for OAuth2Tokens
2022-12-01 11:15:47...processing table oauth2clients
2022-12-01 11:15:47...creating table oauth2clients
2022-12-01 11:15:47...creating Relationship Meta for OAuth2Clients
2022-12-01 11:15:47...processing table surveyresponses
2022-12-01 11:15:47...creating table surveyresponses
2022-12-01 11:15:47...creating Relationship Meta for SurveyResponses
2022-12-01 11:15:47...processing table surveys
2022-12-01 11:15:47...creating table surveys
2022-12-01 11:15:47...creating Relationship Meta for Surveys
2022-12-01 11:15:47...processing table surveyquestionresponses
2022-12-01 11:15:47...creating table surveyquestionresponses
2022-12-01 11:15:47...creating Relationship Meta for SurveyQuestionResponses
2022-12-01 11:15:47...processing table surveyquestions
2022-12-01 11:15:47...creating table surveyquestions
2022-12-01 11:15:47...creating Relationship Meta for SurveyQuestions
2022-12-01 11:15:47...processing table surveyquestionoptions
2022-12-01 11:15:47...creating table surveyquestionoptions
2022-12-01 11:15:47...creating Relationship Meta for SurveyQuestionOptions
2022-12-01 11:15:50...Begin creating Defaults
2022-12-01 11:15:50...insert defaults into config table
2022-12-01 11:15:50...Creating default users
2022-12-01 11:15:51...Creating default scheduler jobs
2022-12-01 11:15:51...Enable SugarFeeds
2022-12-01 11:15:51...Installation has completed *********
2022-12-01 11:15:57...populating the db with seed data
2022-12-01 11:15:57...Save configuration settings..
2022-12-01 11:15:57...save locale
2022-12-01 11:15:57...new Administration
2022-12-01 11:15:57...retrieveSettings
2022-12-01 11:15:57...AdminWizard OFF
2022-12-01 11:15:57...saveConfig
2022-12-01 11:15:57...new Configurator
2022-12-01 11:15:57...populateFromPost
2022-12-01 11:15:57...handleOverride
2022-12-01 11:15:57...addCronAllowedUser
2022-12-01 11:15:57...saveConfig
2022-12-01 11:15:57...new Currency
2022-12-01 11:15:57...retrieve
2022-12-01 11:15:57...DBG: save currency
2022-12-01 11:15:57...Save user settings..
2022-12-01 11:15:58...DBG: SugarThemeRegistry::getDefault
2022-12-01 11:16:07...installerHook: Info: custom/install/install_hooks.php not present, no custom hooks to execute
2022-12-01 11:36:56...installerHook: Info: custom/install/install_hooks.php not present, no custom hooks to execute
2022-12-01 11:37:12...installerHook: Info: custom/install/install_hooks.php not present, no custom hooks to execute
2022-12-01 11:37:22...installerHook: Info: custom/install/install_hooks.php not present, no custom hooks to execute